  Skipping... (no relevant changes detected)
  stdafx.cpp
  Testing Multi-Class with Confusion Matrix.cpp
c:\users\osama\source\repos\testing multi-class with confusion matrix\testing multi-class with confusion matrix\testing multi-class with confusion matrix.cpp(21): error C2065: 'vector': undeclared identifier
c:\users\osama\source\repos\testing multi-class with confusion matrix\testing multi-class with confusion matrix\testing multi-class with confusion matrix.cpp(21): error C2062: type 'double' unexpected
c:\users\osama\source\repos\testing multi-class with confusion matrix\testing multi-class with confusion matrix\testing multi-class with confusion matrix.cpp(22): error C2065: 'vector': undeclared identifier
c:\users\osama\source\repos\testing multi-class with confusion matrix\testing multi-class with confusion matrix\testing multi-class with confusion matrix.cpp(22): error C2062: type 'double' unexpected
c:\users\osama\source\repos\testing multi-class with confusion matrix\testing multi-class with confusion matrix\testing multi-class with confusion matrix.cpp(25): error C2065: 'ofstream': undeclared identifier
c:\users\osama\source\repos\testing multi-class with confusion matrix\testing multi-class with confusion matrix\testing multi-class with confusion matrix.cpp(25): error C2146: syntax error: missing ';' before identifier 'showClassification'
c:\users\osama\source\repos\testing multi-class with confusion matrix\testing multi-class with confusion matrix\testing multi-class with confusion matrix.cpp(25): error C2653: 'ios': is not a class or namespace name
c:\users\osama\source\repos\testing multi-class with confusion matrix\testing multi-class with confusion matrix\testing multi-class with confusion matrix.cpp(25): error C2065: 'out': undeclared identifier
c:\users\osama\source\repos\testing multi-class with confusion matrix\testing multi-class with confusion matrix\testing multi-class with confusion matrix.cpp(25): error C3861: 'showClassification': identifier not found
c:\users\osama\source\repos\testing multi-class with confusion matrix\testing multi-class with confusion matrix\testing multi-class with confusion matrix.cpp(26): error C2065: 'ofstream': undeclared identifier
c:\users\osama\source\repos\testing multi-class with confusion matrix\testing multi-class with confusion matrix\testing multi-class with confusion matrix.cpp(26): error C2146: syntax error: missing ';' before identifier 'confMatrix'
c:\users\osama\source\repos\testing multi-class with confusion matrix\testing multi-class with confusion matrix\testing multi-class with confusion matrix.cpp(26): error C2653: 'ios': is not a class or namespace name
c:\users\osama\source\repos\testing multi-class with confusion matrix\testing multi-class with confusion matrix\testing multi-class with confusion matrix.cpp(26): error C2065: 'out': undeclared identifier
c:\users\osama\source\repos\testing multi-class with confusion matrix\testing multi-class with confusion matrix\testing multi-class with confusion matrix.cpp(26): error C3861: 'confMatrix': identifier not found
c:\users\osama\source\repos\testing multi-class with confusion matrix\testing multi-class with confusion matrix\testing multi-class with confusion matrix.cpp(29): error C2065: 'ifstream': undeclared identifier
c:\users\osama\source\repos\testing multi-class with confusion matrix\testing multi-class with confusion matrix\testing multi-class with confusion matrix.cpp(29): error C2146: syntax error: missing ';' before identifier 'readPatternMatrix'
c:\users\osama\source\repos\testing multi-class with confusion matrix\testing multi-class with confusion matrix\testing multi-class with confusion matrix.cpp(29): error C3861: 'readPatternMatrix': identifier not found
c:\users\osama\source\repos\testing multi-class with confusion matrix\testing multi-class with confusion matrix\testing multi-class with confusion matrix.cpp(31): error C2065: 'ifstream': undeclared identifier
c:\users\osama\source\repos\testing multi-class with confusion matrix\testing multi-class with confusion matrix\testing multi-class with confusion matrix.cpp(31): error C2146: syntax error: missing ';' before identifier 'readClassNames'
c:\users\osama\source\repos\testing multi-class with confusion matrix\testing multi-class with confusion matrix\testing multi-class with confusion matrix.cpp(31): error C3861: 'readClassNames': identifier not found
c:\users\osama\source\repos\testing multi-class with confusion matrix\testing multi-class with confusion matrix\testing multi-class with confusion matrix.cpp(33): error C2065: 'readPatternMatrix': undeclared identifier
c:\users\osama\source\repos\testing multi-class with confusion matrix\testing multi-class with confusion matrix\testing multi-class with confusion matrix.cpp(35): error C2065: 'string': undeclared identifier
c:\users\osama\source\repos\testing multi-class with confusion matrix\testing multi-class with confusion matrix\testing multi-class with confusion matrix.cpp(35): error C2146: syntax error: missing ';' before identifier 'Line'
c:\users\osama\source\repos\testing multi-class with confusion matrix\testing multi-class with confusion matrix\testing multi-class with confusion matrix.cpp(35): error C2065: 'Line': undeclared identifier
c:\users\osama\source\repos\testing multi-class with confusion matrix\testing multi-class with confusion matrix\testing multi-class with confusion matrix.cpp(37): error C2065: 'readPatternMatrix': undeclared identifier
c:\users\osama\source\repos\testing multi-class with confusion matrix\testing multi-class with confusion matrix\testing multi-class with confusion matrix.cpp(37): error C2065: 'Line': undeclared identifier
c:\users\osama\source\repos\testing multi-class with confusion matrix\testing multi-class with confusion matrix\testing multi-class with confusion matrix.cpp(37): error C3861: 'getline': identifier not found
c:\users\osama\source\repos\testing multi-class with confusion matrix\testing multi-class with confusion matrix\testing multi-class with confusion matrix.cpp(39): error C2065: 'PatternMatrix': undeclared identifier
c:\users\osama\source\repos\testing multi-class with confusion matrix\testing multi-class with confusion matrix\testing multi-class with confusion matrix.cpp(39): error C2228: left of '.push_back' must have class/struct/union
  c:\users\osama\source\repos\testing multi-class with confusion matrix\testing multi-class with confusion matrix\testing multi-class with confusion matrix.cpp(39): note: type is 'unknown-type'
c:\users\osama\source\repos\testing multi-class with confusion matrix\testing multi-class with confusion matrix\testing multi-class with confusion matrix.cpp(39): error C2065: 'vector': undeclared identifier
c:\users\osama\source\repos\testing multi-class with confusion matrix\testing multi-class with confusion matrix\testing multi-class with confusion matrix.cpp(39): error C2062: type 'double' unexpected
c:\users\osama\source\repos\testing multi-class with confusion matrix\testing multi-class with confusion matrix\testing multi-class with confusion matrix.cpp(42): error C2065: 'stringstream': undeclared identifier
c:\users\osama\source\repos\testing multi-class with confusion matrix\testing multi-class with confusion matrix\testing multi-class with confusion matrix.cpp(42): error C2146: syntax error: missing ';' before identifier 'split'
c:\users\osama\source\repos\testing multi-class with confusion matrix\testing multi-class with confusion matrix\testing multi-class with confusion matrix.cpp(42): error C2065: 'Line': undeclared identifier
c:\users\osama\source\repos\testing multi-class with confusion matrix\testing multi-class with confusion matrix\testing multi-class with confusion matrix.cpp(42): error C3861: 'split': identifier not found
c:\users\osama\source\repos\testing multi-class with confusion matrix\testing multi-class with confusion matrix\testing multi-class with confusion matrix.cpp(45): error C2065: 'split': undeclared identifier
c:\users\osama\source\repos\testing multi-class with confusion matrix\testing multi-class with confusion matrix\testing multi-class with confusion matrix.cpp(46): error C2065: 'PatternMatrix': undeclared identifier
c:\users\osama\source\repos\testing multi-class with confusion matrix\testing multi-class with confusion matrix\testing multi-class with confusion matrix.cpp(46): error C2228: left of '.back' must have class/struct/union
  c:\users\osama\source\repos\testing multi-class with confusion matrix\testing multi-class with confusion matrix\testing multi-class with confusion matrix.cpp(46): note: type is 'unknown-type'
c:\users\osama\source\repos\testing multi-class with confusion matrix\testing multi-class with confusion matrix\testing multi-class with confusion matrix.cpp(46): error C2228: left of '.push_back' must have class/struct/union
c:\users\osama\source\repos\testing multi-class with confusion matrix\testing multi-class with confusion matrix\testing multi-class with confusion matrix.cpp(50): error C2065: 'vector': undeclared identifier
c:\users\osama\source\repos\testing multi-class with confusion matrix\testing multi-class with confusion matrix\testing multi-class with confusion matrix.cpp(50): error C2062: type 'double' unexpected
c:\users\osama\source\repos\testing multi-class with confusion matrix\testing multi-class with confusion matrix\testing multi-class with confusion matrix.cpp(52): error C2065: 'readClassNames': undeclared identifier
c:\users\osama\source\repos\testing multi-class with confusion matrix\testing multi-class with confusion matrix\testing multi-class with confusion matrix.cpp(54): error C2065: 'string': undeclared identifier
c:\users\osama\source\repos\testing multi-class with confusion matrix\testing multi-class with confusion matrix\testing multi-class with confusion matrix.cpp(54): error C2146: syntax error: missing ';' before identifier 'Line'
c:\users\osama\source\repos\testing multi-class with confusion matrix\testing multi-class with confusion matrix\testing multi-class with confusion matrix.cpp(54): error C2065: 'Line': undeclared identifier
c:\users\osama\source\repos\testing multi-class with confusion matrix\testing multi-class with confusion matrix\testing multi-class with confusion matrix.cpp(56): error C2065: 'readClassNames': undeclared identifier
c:\users\osama\source\repos\testing multi-class with confusion matrix\testing multi-class with confusion matrix\testing multi-class with confusion matrix.cpp(56): error C2065: 'Line': undeclared identifier
c:\users\osama\source\repos\testing multi-class with confusion matrix\testing multi-class with confusion matrix\testing multi-class with confusion matrix.cpp(56): error C3861: 'getline': identifier not found
c:\users\osama\source\repos\testing multi-class with confusion matrix\testing multi-class with confusion matrix\testing multi-class with confusion matrix.cpp(60): error C2065: 'stringstream': undeclared identifier
c:\users\osama\source\repos\testing multi-class with confusion matrix\testing multi-class with confusion matrix\testing multi-class with confusion matrix.cpp(60): error C2146: syntax error: missing ';' before identifier 'split'
c:\users\osama\source\repos\testing multi-class with confusion matrix\testing multi-class with confusion matrix\testing multi-class with confusion matrix.cpp(60): error C2065: 'Line': undeclared identifier
c:\users\osama\source\repos\testing multi-class with confusion matrix\testing multi-class with confusion matrix\testing multi-class with confusion matrix.cpp(60): error C3861: 'split': identifier not found
c:\users\osama\source\repos\testing multi-class with confusion matrix\testing multi-class with confusion matrix\testing multi-class with confusion matrix.cpp(63): error C2065: 'split': undeclared identifier
c:\users\osama\source\repos\testing multi-class with confusion matrix\testing multi-class with confusion matrix\testing multi-class with confusion matrix.cpp(64): error C2065: 'ClassNames': undeclared identifier
c:\users\osama\source\repos\testing multi-class with confusion matrix\testing multi-class with confusion matrix\testing multi-class with confusion matrix.cpp(64): error C2228: left of '.push_back' must have class/struct/union
  c:\users\osama\source\repos\testing multi-class with confusion matrix\testing multi-class with confusion matrix\testing multi-class with confusion matrix.cpp(64): note: type is 'unknown-type'
c:\users\osama\source\repos\testing multi-class with confusion matrix\testing multi-class with confusion matrix\testing multi-class with confusion matrix.cpp(68): error C2065: 'vector': undeclared identifier
c:\users\osama\source\repos\testing multi-class with confusion matrix\testing multi-class with confusion matrix\testing multi-class with confusion matrix.cpp(68): error C2062: type 'int' unexpected
c:\users\osama\source\repos\testing multi-class with confusion matrix\testing multi-class with confusion matrix\testing multi-class with confusion matrix.cpp(71): error C2065: 'ifstream': undeclared identifier
c:\users\osama\source\repos\testing multi-class with confusion matrix\testing multi-class with confusion matrix\testing multi-class with confusion matrix.cpp(71): error C2146: syntax error: missing ';' before identifier 'readTestData'
c:\users\osama\source\repos\testing multi-class with confusion matrix\testing multi-class with confusion matrix\testing multi-class with confusion matrix.cpp(71): error C3861: 'readTestData': identifier not found
c:\users\osama\source\repos\testing multi-class with confusion matrix\testing multi-class with confusion matrix\testing multi-class with confusion matrix.cpp(73): error C2065: 'readTestData': undeclared identifier
c:\users\osama\source\repos\testing multi-class with confusion matrix\testing multi-class with confusion matrix\testing multi-class with confusion matrix.cpp(75): error C2065: 'string': undeclared identifier
c:\users\osama\source\repos\testing multi-class with confusion matrix\testing multi-class with confusion matrix\testing multi-class with confusion matrix.cpp(75): error C2146: syntax error: missing ';' before identifier 'Line'
c:\users\osama\source\repos\testing multi-class with confusion matrix\testing multi-class with confusion matrix\testing multi-class with confusion matrix.cpp(75): error C2065: 'Line': undeclared identifier
c:\users\osama\source\repos\testing multi-class with confusion matrix\testing multi-class with confusion matrix\testing multi-class with confusion matrix.cpp(77): error C2065: 'readTestData': undeclared identifier
c:\users\osama\source\repos\testing multi-class with confusion matrix\testing multi-class with confusion matrix\testing multi-class with confusion matrix.cpp(77): error C2065: 'Line': undeclared identifier
c:\users\osama\source\repos\testing multi-class with confusion matrix\testing multi-class with confusion matrix\testing multi-class with confusion matrix.cpp(77): error C3861: 'getline': identifier not found
c:\users\osama\source\repos\testing multi-class with confusion matrix\testing multi-class with confusion matrix\testing multi-class with confusion matrix.cpp(79): error C2065: 'TestData': undeclared identifier
c:\users\osama\source\repos\testing multi-class with confusion matrix\testing multi-class with confusion matrix\testing multi-class with confusion matrix.cpp(79): error C2228: left of '.push_back' must have class/struct/union
  c:\users\osama\source\repos\testing multi-class with confusion matrix\testing multi-class with confusion matrix\testing multi-class with confusion matrix.cpp(79): note: type is 'unknown-type'
c:\users\osama\source\repos\testing multi-class with confusion matrix\testing multi-class with confusion matrix\testing multi-class with confusion matrix.cpp(79): error C2065: 'vector': undeclared identifier
c:\users\osama\source\repos\testing multi-class with confusion matrix\testing multi-class with confusion matrix\testing multi-class with confusion matrix.cpp(79): error C2062: type 'double' unexpected
c:\users\osama\source\repos\testing multi-class with confusion matrix\testing multi-class with confusion matrix\testing multi-class with confusion matrix.cpp(82): error C2065: 'stringstream': undeclared identifier
c:\users\osama\source\repos\testing multi-class with confusion matrix\testing multi-class with confusion matrix\testing multi-class with confusion matrix.cpp(82): error C2146: syntax error: missing ';' before identifier 'split'
c:\users\osama\source\repos\testing multi-class with confusion matrix\testing multi-class with confusion matrix\testing multi-class with confusion matrix.cpp(82): error C2065: 'Line': undeclared identifier
c:\users\osama\source\repos\testing multi-class with confusion matrix\testing multi-class with confusion matrix\testing multi-class with confusion matrix.cpp(82): error C3861: 'split': identifier not found
c:\users\osama\source\repos\testing multi-class with confusion matrix\testing multi-class with confusion matrix\testing multi-class with confusion matrix.cpp(85): error C2065: 'split': undeclared identifier
c:\users\osama\source\repos\testing multi-class with confusion matrix\testing multi-class with confusion matrix\testing multi-class with confusion matrix.cpp(86): error C2065: 'TestData': undeclared identifier
c:\users\osama\source\repos\testing multi-class with confusion matrix\testing multi-class with confusion matrix\testing multi-class with confusion matrix.cpp(86): error C2228: left of '.back' must have class/struct/union
  c:\users\osama\source\repos\testing multi-class with confusion matrix\testing multi-class with confusion matrix\testing multi-class with confusion matrix.cpp(86): note: type is 'unknown-type'
c:\users\osama\source\repos\testing multi-class with confusion matrix\testing multi-class with confusion matrix\testing multi-class with confusion matrix.cpp(86): error C2228: left of '.push_back' must have class/struct/union
c:\users\osama\source\repos\testing multi-class with confusion matrix\testing multi-class with confusion matrix\testing multi-class with confusion matrix.cpp(92): error C2065: 'vector': undeclared identifier
c:\users\osama\source\repos\testing multi-class with confusion matrix\testing multi-class with confusion matrix\testing multi-class with confusion matrix.cpp(92): error C2062: type 'bool' unexpected
c:\users\osama\source\repos\testing multi-class with confusion matrix\testing multi-class with confusion matrix\testing multi-class with confusion matrix.cpp(93): error C2065: 'vector': undeclared identifier
c:\users\osama\source\repos\testing multi-class with confusion matrix\testing multi-class with confusion matrix\testing multi-class with confusion matrix.cpp(93): error C2062: type 'int' unexpected
c:\users\osama\source\repos\testing multi-class with confusion matrix\testing multi-class with confusion matrix\testing multi-class with confusion matrix.cpp(94): error C2065: 'vector': undeclared identifier
c:\users\osama\source\repos\testing multi-class with confusion matrix\testing multi-class with confusion matrix\testing multi-class with confusion matrix.cpp(94): error C2062: type 'int' unexpected
c:\users\osama\source\repos\testing multi-class with confusion matrix\testing multi-class with confusion matrix\testing multi-class with confusion matrix.cpp(98): error C2065: 'TestData': undeclared identifier
c:\users\osama\source\repos\testing multi-class with confusion matrix\testing multi-class with confusion matrix\testing multi-class with confusion matrix.cpp(98): error C2228: left of '.size' must have class/struct/union
  c:\users\osama\source\repos\testing multi-class with confusion matrix\testing multi-class with confusion matrix\testing multi-class with confusion matrix.cpp(98): note: type is 'unknown-type'
c:\users\osama\source\repos\testing multi-class with confusion matrix\testing multi-class with confusion matrix\testing multi-class with confusion matrix.cpp(100): error C2065: 'IgnoredObservation': undeclared identifier
c:\users\osama\source\repos\testing multi-class with confusion matrix\testing multi-class with confusion matrix\testing multi-class with confusion matrix.cpp(102): error C2065: 'ObservationInContradiction': undeclared identifier
c:\users\osama\source\repos\testing multi-class with confusion matrix\testing multi-class with confusion matrix\testing multi-class with confusion matrix.cpp(102): error C2228: left of '.clear' must have class/struct/union
  c:\users\osama\source\repos\testing multi-class with confusion matrix\testing multi-class with confusion matrix\testing multi-class with confusion matrix.cpp(102): note: type is 'unknown-type'
c:\users\osama\source\repos\testing multi-class with confusion matrix\testing multi-class with confusion matrix\testing multi-class with confusion matrix.cpp(103): error C2065: 'ObservationInDuplication': undeclared identifier
c:\users\osama\source\repos\testing multi-class with confusion matrix\testing multi-class with confusion matrix\testing multi-class with confusion matrix.cpp(103): error C2228: left of '.clear' must have class/struct/union
  c:\users\osama\source\repos\testing multi-class with confusion matrix\testing multi-class with confusion matrix\testing multi-class with confusion matrix.cpp(103): note: type is 'unknown-type'
c:\users\osama\source\repos\testing multi-class with confusion matrix\testing multi-class with confusion matrix\testing multi-class with confusion matrix.cpp(105): error C2065: 'TestData': undeclared identifier
c:\users\osama\source\repos\testing multi-class with confusion matrix\testing multi-class with confusion matrix\testing multi-class with confusion matrix.cpp(105): error C2228: left of '.size' must have class/struct/union
  c:\users\osama\source\repos\testing multi-class with confusion matrix\testing multi-class with confusion matrix\testing multi-class with confusion matrix.cpp(105): note: type is 'unknown-type'
c:\users\osama\source\repos\testing multi-class with confusion matrix\testing multi-class with confusion matrix\testing multi-class with confusion matrix.cpp(107): error C2065: 'IgnoredObservation': undeclared identifier
c:\users\osama\source\repos\testing multi-class with confusion matrix\testing multi-class with confusion matrix\testing multi-class with confusion matrix.cpp(110): error C2065: 'TestData': undeclared identifier
c:\users\osama\source\repos\testing multi-class with confusion matrix\testing multi-class with confusion matrix\testing multi-class with confusion matrix.cpp(110): error C2228: left of '.begin' must have class/struct/union
c:\users\osama\source\repos\testing multi-class with confusion matrix\testing multi-class with confusion matrix\testing multi-class with confusion matrix.cpp(110): error C2228: left of '.end' must have class/struct/union
c:\users\osama\source\repos\testing multi-class with confusion matrix\testing multi-class with confusion matrix\testing multi-class with confusion matrix.cpp(110): error C3861: 'equal': identifier not found
c:\users\osama\source\repos\testing multi-class with confusion matrix\testing multi-class with confusion matrix\testing multi-class with confusion matrix.cpp(112): error C2065: 'TestData': undeclared identifier
c:\users\osama\source\repos\testing multi-class with confusion matrix\testing multi-class with confusion matrix\testing multi-class with confusion matrix.cpp(114): error C2065: 'ObservationInDuplication': undeclared identifier
c:\users\osama\source\repos\testing multi-class with confusion matrix\testing multi-class with confusion matrix\testing multi-class with confusion matrix.cpp(114): fatal error C1003: error count exceeds 100; stopping compilation
